{"stats":{"suites":1,"tests":1,"passes":1,"pending":0,"failures":0,"start":"2018-09-14T01:08:26.722Z","end":"2018-09-14T01:08:35.389Z","duration":8667,"testsRegistered":1,"passPercent":100,"pendingPercent":0,"other":0,"hasOther":false,"skipped":0,"hasSkipped":false,"passPercentClass":"success","pendingPercentClass":"danger"},"suites":{"title":"","suites":[{"title":"los estudiantes login - WebDriver (chrome)","suites":[],"tests":[{"title":"should visit los estudiantes and failed at log in ","fullTitle":"should visit los estudiantes and failed at log in ","timedOut":false,"duration":3661,"speed":"fast","pass":true,"fail":false,"pending":false,"code":"","isRoot":false,"uuid":"86620a65-bfc4-4f8e-bedc-7d09449554b9","parentUUID":"8303fd98-2dd4-4040-b8f9-03a57a75b857","skipped":false,"isHook":false,"context":"[{\"title\":\"Session Id\",\"value\":\"612ca8a59b9fef302600ac12b89156ff\"}]","state":"passed","err":{}}],"pending":[],"root":false,"fullFile":"","file":"","passes":["86620a65-bfc4-4f8e-bedc-7d09449554b9"],"failures":[],"skipped":[],"duration":3663,"_timeout":0,"uuid":"8303fd98-2dd4-4040-b8f9-03a57a75b857","beforeHooks":[],"afterHooks":[]}],"tests":[],"pending":[],"root":true,"fullFile":"","file":"","passes":[],"failures":[],"skipped":[],"duration":0,"_timeout":0,"uuid":"00a5b3f1-7c9f-4549-b09c-9626eb6bbfc4","beforeHooks":[],"afterHooks":[]},"copyrightYear":2018}